<?xml version="1.0" encoding="UTF-8"?>
<!-- Generated by org.testng.reporters.JUnitXMLReporter -->
<testsuite hostname="Rizwan" ignored="0" name="Default test" tests="4" failures="0" timestamp="22 Oct 2017 05:35:23 GMT" time="0.166" errors="0">
  <testcase name="registrationetest" time="0.043" classname="groupTest.GroupTest"/>
  <testcase name="logintest" time="0.002" classname="groupTest.GroupTest"/>
  <testcase name="bookingtest" time="0.003" classname="groupTest.GroupTest"/>
  <testcase name="canceltest" time="0.003" classname="groupTest.GroupTest"/>
</testsuite> <!-- Default test -->
