<?xml version="1.0" encoding="UTF-8"?>
<testng-results skipped="0" failed="0" ignored="0" total="2" passed="2">
  <reporter-output>
  </reporter-output>
  <suite name="ParallelSuiteTest" duration-ms="55185" started-at="2017-10-22T06:26:46Z" finished-at="2017-10-22T06:27:42Z">
    <groups>
    </groups>
    <test name="ChromeTest" duration-ms="46647" started-at="2017-10-22T06:26:46Z" finished-at="2017-10-22T06:27:33Z">
      <class name="parellelExecutionTest.ParellelTest">
        <test-method status="PASS" signature="setup(java.lang.String)[pri:0, instance:parellelExecutionTest.ParellelTest@c0edeb]" name="setup" is-config="true" duration-ms="5927" started-at="2017-10-22T11:56:46Z" finished-at="2017-10-22T11:56:52Z">
          <params>
            <param index="0">
              <value>
                <![CDATA[Chrome]]>
              </value>
            </param>
          </params>
          <reporter-output>
          </reporter-output>
        </test-method> <!-- setup -->
        <test-method status="PASS" signature="bing()[pri:0, instance:parellelExecutionTest.ParellelTest@c0edeb]" name="bing" duration-ms="40699" started-at="2017-10-22T11:56:52Z" finished-at="2017-10-22T11:57:33Z">
          <reporter-output>
          </reporter-output>
        </test-method> <!-- bing -->
      </class> <!-- parellelExecutionTest.ParellelTest -->
    </test> <!-- ChromeTest -->
    <test name="FireFoxTest" duration-ms="55185" started-at="2017-10-22T06:26:46Z" finished-at="2017-10-22T06:27:42Z">
      <class name="parellelExecutionTest.ParellelTest">
        <test-method status="PASS" signature="setup(java.lang.String)[pri:0, instance:parellelExecutionTest.ParellelTest@82f6ef]" name="setup" is-config="true" duration-ms="14912" started-at="2017-10-22T11:56:46Z" finished-at="2017-10-22T11:57:01Z">
          <params>
            <param index="0">
              <value>
                <![CDATA[Firefox]]>
              </value>
            </param>
          </params>
          <reporter-output>
          </reporter-output>
        </test-method> <!-- setup -->
        <test-method status="PASS" signature="bing()[pri:0, instance:parellelExecutionTest.ParellelTest@82f6ef]" name="bing" duration-ms="40262" started-at="2017-10-22T11:57:01Z" finished-at="2017-10-22T11:57:42Z">
          <reporter-output>
          </reporter-output>
        </test-method> <!-- bing -->
      </class> <!-- parellelExecutionTest.ParellelTest -->
    </test> <!-- FireFoxTest -->
  </suite> <!-- ParallelSuiteTest -->
</testng-results>
