<?xml version="1.0" encoding="UTF-8"?>
<!-- Generated by org.testng.reporters.JUnitXMLReporter -->
<testsuite hostname="Rizwan" ignored="1" name="CancelTest" tests="3" failures="0" timestamp="22 Oct 2017 05:46:10 GMT" time="0.012" errors="0">
  <testcase name="logintest" time="0.001" classname="groupTest.GroupTest"/>
  <testcase name="bookingtest" time="0.002" classname="groupTest.GroupTest"/>
  <testcase name="canceltest" time="0.002" classname="groupTest.GroupTest"/>
  <testcase name="registrationetest" time="0.0" classname="groupTest.GroupTest">
    <ignored/>
  </testcase> <!-- registrationetest -->
</testsuite> <!-- CancelTest -->
